<?xml version="1.0" encoding="UTF-8"?>
<testng-results skipped="0" failed="0" total="1" passed="1">
  <reporter-output>
  </reporter-output>
  <suite name="Default suite" duration-ms="5254" started-at="2023-02-02T08:05:11Z" finished-at="2023-02-02T08:05:16Z">
    <groups>
    </groups>
    <test name="Default test" duration-ms="5254" started-at="2023-02-02T08:05:11Z" finished-at="2023-02-02T08:05:16Z">
      <class name="Session4_IFrame">
        <test-method status="PASS" signature="init()[pri:0, instance:Session4_IFrame@28864e92]" name="init" is-config="true" duration-ms="3005" started-at="2023-02-02T02:05:11Z" finished-at="2023-02-02T02:05:14Z">
          <reporter-output>
          </reporter-output>
        </test-method> <!-- init -->
        <test-method status="PASS" signature="testIframe()[pri:0, instance:Session4_IFrame@28864e92]" name="testIframe" duration-ms="2229" started-at="2023-02-02T02:05:14Z" finished-at="2023-02-02T02:05:16Z">
          <reporter-output>
          </reporter-output>
        </test-method> <!-- testIframe -->
      </class> <!-- Session4_IFrame -->
    </test> <!-- Default test -->
  </suite> <!-- Default suite -->
</testng-results>
